<?xml version="1.0" encoding="UTF-8"?>
<robot generator="Robot 4.0.3 (Python 3.9.1 on win32)" generated="20230627 01:24:16.887" rpa="false" schemaversion="2">
<suite id="s1" name="Meu Desafio" source="C:\Users\gusta\Desktop\Desafio\Meu_Desafio.robot">
<test id="s1-t1" name="Visitar Página">
<kw name="Abrir o Navegador">
<kw name="Open Browser" library="SeleniumLibrary">
<arg>${URL}</arg>
<arg>${BROWSER}</arg>
<doc>Opens a new browser instance to the optional ``url``.</doc>
<msg timestamp="20230627 01:24:17.155" level="INFO">Opening browser 'chrome' to base url 'https://playwright.dev/'.</msg>
<status status="PASS" starttime="20230627 01:24:17.154" endtime="20230627 01:24:20.953"/>
</kw>
<status status="PASS" starttime="20230627 01:24:17.153" endtime="20230627 01:24:20.953"/>
</kw>
<kw name="Acessar a Página">
<arg>${URL}</arg>
<kw name="Go To" library="SeleniumLibrary">
<arg>${url}</arg>
<doc>Navigates the current browser window to the provided ``url``.</doc>
<msg timestamp="20230627 01:24:20.955" level="INFO">Opening url 'https://playwright.dev/'</msg>
<status status="PASS" starttime="20230627 01:24:20.954" endtime="20230627 01:24:21.067"/>
</kw>
<kw name="Capture Page Screenshot" library="SeleniumLibrary">
<doc>Takes a screenshot of the current page and embeds it into a log file.</doc>
<msg timestamp="20230627 01:24:32.040" level="INFO" html="true">&lt;/td&gt;&lt;/tr&gt;&lt;tr&gt;&lt;td colspan="3"&gt;&lt;a href="selenium-screenshot-7.png"&gt;&lt;img src="selenium-screenshot-7.png" width="800px"&gt;&lt;/a&gt;</msg>
<status status="PASS" starttime="20230627 01:24:21.067" endtime="20230627 01:24:32.040"/>
</kw>
<status status="PASS" starttime="20230627 01:24:20.954" endtime="20230627 01:24:32.041"/>
</kw>
<kw name="Verificar URL Esperada">
<arg>${URL}</arg>
<kw name="Get Location" library="SeleniumLibrary">
<var>${current_url}</var>
<doc>Returns the current browser window URL.</doc>
<msg timestamp="20230627 01:24:32.055" level="INFO">${current_url} = https://playwright.dev/</msg>
<status status="PASS" starttime="20230627 01:24:32.043" endtime="20230627 01:24:32.056"/>
</kw>
<kw name="Should Be Equal As Strings" library="BuiltIn">
<arg>${current_url}</arg>
<arg>${url_esperada}</arg>
<doc>Fails if objects are unequal after converting them to strings.</doc>
<status status="PASS" starttime="20230627 01:24:32.056" endtime="20230627 01:24:32.058"/>
</kw>
<kw name="Log" library="BuiltIn">
<arg>O teste passou! A URL esperada (${url_esperada}) é igual à URL atual (${current_url}).</arg>
<doc>Logs the given message with the given level.</doc>
<msg timestamp="20230627 01:24:32.059" level="INFO">O teste passou! A URL esperada (https://playwright.dev/) é igual à URL atual (https://playwright.dev/).</msg>
<status status="PASS" starttime="20230627 01:24:32.058" endtime="20230627 01:24:32.059"/>
</kw>
<kw name="Capture Page Screenshot" library="SeleniumLibrary">
<doc>Takes a screenshot of the current page and embeds it into a log file.</doc>
<msg timestamp="20230627 01:24:32.138" level="INFO" html="true">&lt;/td&gt;&lt;/tr&gt;&lt;tr&gt;&lt;td colspan="3"&gt;&lt;a href="selenium-screenshot-8.png"&gt;&lt;img src="selenium-screenshot-8.png" width="800px"&gt;&lt;/a&gt;</msg>
<status status="PASS" starttime="20230627 01:24:32.059" endtime="20230627 01:24:32.139"/>
</kw>
<status status="PASS" starttime="20230627 01:24:32.041" endtime="20230627 01:24:32.139"/>
</kw>
<kw name="Validar Elemento">
<arg>//*[@id="docusaurus_skipToContent_fallback"]/header/div/div/a</arg>
<kw name="Wait Until Element Is Visible" library="SeleniumLibrary">
<arg>xpath=${xpath_selector}</arg>
<arg>timeout=10s</arg>
<doc>Waits until the element ``locator`` is visible.</doc>
<status status="PASS" starttime="20230627 01:24:32.140" endtime="20230627 01:24:32.192"/>
</kw>
<kw name="Element Should Be Visible" library="SeleniumLibrary">
<arg>xpath=${xpath_selector}</arg>
<doc>Verifies that the element identified by ``locator`` is visible.</doc>
<msg timestamp="20230627 01:24:32.224" level="INFO">Element 'xpath=//*[@id="docusaurus_skipToContent_fallback"]/header/div/div/a' is displayed.</msg>
<status status="PASS" starttime="20230627 01:24:32.192" endtime="20230627 01:24:32.224"/>
</kw>
<kw name="Click Element" library="SeleniumLibrary">
<arg>xpath=${xpath_selector}</arg>
<doc>Click the element identified by ``locator``.</doc>
<msg timestamp="20230627 01:24:32.225" level="INFO">Clicking element 'xpath=//*[@id="docusaurus_skipToContent_fallback"]/header/div/div/a'.</msg>
<status status="PASS" starttime="20230627 01:24:32.224" endtime="20230627 01:24:32.339"/>
</kw>
<kw name="Log" library="BuiltIn">
<arg>O teste passou! O elemento (${xpath_selector}) foi encontrado na página.</arg>
<doc>Logs the given message with the given level.</doc>
<msg timestamp="20230627 01:24:32.340" level="INFO">O teste passou! O elemento (//*[@id="docusaurus_skipToContent_fallback"]/header/div/div/a) foi encontrado na página.</msg>
<status status="PASS" starttime="20230627 01:24:32.340" endtime="20230627 01:24:32.340"/>
</kw>
<kw name="Capture Page Screenshot" library="SeleniumLibrary">
<doc>Takes a screenshot of the current page and embeds it into a log file.</doc>
<msg timestamp="20230627 01:24:33.462" level="INFO" html="true">&lt;/td&gt;&lt;/tr&gt;&lt;tr&gt;&lt;td colspan="3"&gt;&lt;a href="selenium-screenshot-9.png"&gt;&lt;img src="selenium-screenshot-9.png" width="800px"&gt;&lt;/a&gt;</msg>
<status status="PASS" starttime="20230627 01:24:32.340" endtime="20230627 01:24:33.463"/>
</kw>
<status status="PASS" starttime="20230627 01:24:32.139" endtime="20230627 01:24:33.463"/>
</kw>
<kw name="Fechar o Navegador">
<kw name="Close Browser" library="SeleniumLibrary">
<doc>Closes the current browser.</doc>
<status status="PASS" starttime="20230627 01:24:33.463" endtime="20230627 01:24:35.688"/>
</kw>
<kw name="Log" library="BuiltIn">
<arg>Fechou o navegador.</arg>
<doc>Logs the given message with the given level.</doc>
<msg timestamp="20230627 01:24:35.688" level="INFO">Fechou o navegador.</msg>
<status status="PASS" starttime="20230627 01:24:35.688" endtime="20230627 01:24:35.688"/>
</kw>
<status status="PASS" starttime="20230627 01:24:33.463" endtime="20230627 01:24:35.688"/>
</kw>
<status status="PASS" starttime="20230627 01:24:17.152" endtime="20230627 01:24:35.689"/>
</test>
<doc>Desafio Gustavo Alberti Vieira</doc>
<status status="PASS" starttime="20230627 01:24:16.890" endtime="20230627 01:24:35.692"/>
</suite>
<statistics>
<total>
<stat pass="1" fail="0" skip="0">All Tests</stat>
</total>
<tag>
</tag>
<suite>
<stat pass="1" fail="0" skip="0" id="s1" name="Meu Desafio">Meu Desafio</stat>
</suite>
</statistics>
<errors>
</errors>
</robot>
